
MissingSourceFile (no such file to load -- mysql):
  /usr/local/lib/ruby/1.9.1/monitor.rb:190:in `mon_synchronize'
  <internal:prelude>:8:in `synchronize'
  /usr/local/lib/ruby/1.9.1/webrick/httpserver.rb:111:in `service'
  /usr/local/lib/ruby/1.9.1/webrick/httpserver.rb:70:in `run'
  /usr/local/lib/ruby/1.9.1/webrick/server.rb:183:in `block in start_thread'


MissingSourceFile (no such file to load -- mysql):
  /usr/local/lib/ruby/1.9.1/monitor.rb:190:in `mon_synchronize'
  <internal:prelude>:8:in `synchronize'
  /usr/local/lib/ruby/1.9.1/webrick/httpserver.rb:111:in `service'
  /usr/local/lib/ruby/1.9.1/webrick/httpserver.rb:70:in `run'
  /usr/local/lib/ruby/1.9.1/webrick/server.rb:183:in `block in start_thread'


PGError (FATAL:  Ident authentication failed for user "rails"
):
  /usr/local/lib/ruby/1.9.1/monitor.rb:190:in `mon_synchronize'
  <internal:prelude>:8:in `synchronize'
  /usr/local/lib/ruby/1.9.1/webrick/httpserver.rb:111:in `service'
  /usr/local/lib/ruby/1.9.1/webrick/httpserver.rb:70:in `run'
  /usr/local/lib/ruby/1.9.1/webrick/server.rb:183:in `block in start_thread'


PGError (FATAL:  database "rails_development" does not exist
):
  /usr/local/lib/ruby/1.9.1/monitor.rb:190:in `mon_synchronize'
  <internal:prelude>:8:in `synchronize'
  /usr/local/lib/ruby/1.9.1/webrick/httpserver.rb:111:in `service'
  /usr/local/lib/ruby/1.9.1/webrick/httpserver.rb:70:in `run'
  /usr/local/lib/ruby/1.9.1/webrick/server.rb:183:in `block in start_thread'


PGError (FATAL:  database "rails_development" does not exist
):
  /usr/local/lib/ruby/1.9.1/monitor.rb:190:in `mon_synchronize'
  <internal:prelude>:8:in `synchronize'
  /usr/local/lib/ruby/1.9.1/webrick/httpserver.rb:111:in `service'
  /usr/local/lib/ruby/1.9.1/webrick/httpserver.rb:70:in `run'
  /usr/local/lib/ruby/1.9.1/webrick/server.rb:183:in `block in start_thread'

  [4;36;1mSQL (0.1ms)[0m   [0;1mSET client_min_messages TO 'panic'[0m
  [4;35;1mSQL (0.0ms)[0m   [0mSET client_min_messages TO 'notice'[0m
Rendering inline "<table><tr><td class=\"name\">Ruby version</td><td class=\"value\">1.9.1 (i686-linux)</td></tr><tr><td class=\"name\">RubyGems version</td><td class=\"value\">1.3.5</td></tr><tr><td class=\"name\">Rack version</td><td class=\"value\">1.0</td></tr><tr><td class=\"name\">Rails version</td><td class=\"value\">3.0.pre</td></tr><tr><td class=\"name\">Active Record version</td><td class=\"value\">3.0.pre</td></tr><tr><td class=\"name\">Action Pack version</td><td class=\"value\">3.0.pre</td></tr><tr><td class=\"name\">Active Resource version</td><td class=\"value\">3.0.pre</td></tr><tr><td class=\"name\">Action Mailer version</td><td class=\"value\">3.0.pre</td></tr><tr><td class=\"name\">Active Support version</td><td class=\"value\">3.0.pre</td></tr><tr><td class=\"name\">Middleware</td><td class=\"value\"><ul><li>Rack::Lock</li><li>ActionDispatch::ShowExceptions, [true]</li><li>ActionDispatch::Callbacks, [true]</li><li>ActionDispatch::Rescue, [#&lt;Method: Class(ActionController::Rescue::ClassMethods)#rescue_action&gt;]</li><li>ActionDispatch::Session::CookieStore, [{:key=&gt;&quot;_rails_session&quot;, :secret=&gt;&quot;c217f82b5b083f4d5433f1e054bf1b01cb22e3844a1c64a7b865cccf416f2dfc6db87eb9b3e2148f14aafdd5499ffa16464c13cca6d08d3469b4162d31efde59&quot;}]</li><li>ActionDispatch::ParamsParser</li><li>Rack::MethodOverride</li><li>Rack::Head</li><li>ActiveRecord::ConnectionAdapters::ConnectionManagement</li><li>ActiveRecord::QueryCache</li></ul></td></tr><tr><td class=\"name\">Edge Rails revision</td><td class=\"value\">c6bc8e662614be711f45a8d4b231d5f993b024a7</td></tr><tr><td class=\"name\">Application root</td><td class=\"value\">/home/jpartogi/workspace/lab/rails</td></tr><tr><td class=\"name\">Environment</td><td class=\"value\">development</td></tr><tr><td class=\"name\">Database adapter</td><td class=\"value\">postgresql</td></tr><tr><td class=\"name\">Database schema version</td><td class=\"value\">0</td></tr></table>"


Processing Rails::InfoController#properties to [#<Mime::Type:0x8f2a304 @synonyms=["application/javascript", "application/x-javascript"], @symbol=:js, @string="text/javascript">, #<Mime::Type:0x8f2aba8 @synonyms=["application/xhtml+xml"], @symbol=:html, @string="text/html">, #<Mime::Type:0x8f23cc0 @synonyms=["text/xml", "application/x-xml"], @symbol=:xml, @string="application/xml">, #<Mime::Type:0x8f2a304 @synonyms=["application/javascript", "application/x-javascript"], @symbol=:js, @string="text/javascript">, #<Mime::Type:0x8c8ddc0 @synonyms=[], @symbol=nil, @string="*/*">] (for 127.0.0.1 at 2009-08-14 21:45:30) [GET]

Mysql::Error (Can't initialize character set unicode (path: /usr/share/mysql/charsets/)):
  /usr/local/lib/ruby/1.9.1/monitor.rb:190:in `mon_synchronize'
  <internal:prelude>:8:in `synchronize'
  /usr/local/lib/ruby/1.9.1/webrick/httpserver.rb:111:in `service'
  /usr/local/lib/ruby/1.9.1/webrick/httpserver.rb:70:in `run'
  /usr/local/lib/ruby/1.9.1/webrick/server.rb:183:in `block in start_thread'


Mysql::Error (Can't initialize character set unicode (path: /usr/share/mysql/charsets/)):
  /usr/local/lib/ruby/1.9.1/monitor.rb:190:in `mon_synchronize'
  <internal:prelude>:8:in `synchronize'
  /usr/local/lib/ruby/1.9.1/webrick/httpserver.rb:111:in `service'
  /usr/local/lib/ruby/1.9.1/webrick/httpserver.rb:70:in `run'
  /usr/local/lib/ruby/1.9.1/webrick/server.rb:183:in `block in start_thread'


Mysql::Error (Can't initialize character set unicode (path: /usr/share/mysql/charsets/)):
  /usr/local/lib/ruby/1.9.1/monitor.rb:190:in `mon_synchronize'
  <internal:prelude>:8:in `synchronize'
  /usr/local/lib/ruby/1.9.1/webrick/httpserver.rb:111:in `service'
  /usr/local/lib/ruby/1.9.1/webrick/httpserver.rb:70:in `run'
  /usr/local/lib/ruby/1.9.1/webrick/server.rb:183:in `block in start_thread'


Mysql::Error (Access denied for user 'jpartogi'@'localhost' (using password: YES)):
  /usr/local/lib/ruby/1.9.1/monitor.rb:190:in `mon_synchronize'
  <internal:prelude>:8:in `synchronize'
  /usr/local/lib/ruby/1.9.1/webrick/httpserver.rb:111:in `service'
  /usr/local/lib/ruby/1.9.1/webrick/httpserver.rb:70:in `run'
  /usr/local/lib/ruby/1.9.1/webrick/server.rb:183:in `block in start_thread'

  [4;36;1mSQL (0.1ms)[0m   [0;1mSET NAMES 'utf8'[0m
  [4;35;1mSQL (0.1ms)[0m   [0mSET SQL_AUTO_IS_NULL=0[0m
  [4;36;1mSQL (0.4ms)[0m   [0;1mSHOW TABLES[0m
Rendering inline "<table><tr><td class=\"name\">Ruby version</td><td class=\"value\">1.9.1 (i686-linux)</td></tr><tr><td class=\"name\">RubyGems version</td><td class=\"value\">1.3.5</td></tr><tr><td class=\"name\">Rack version</td><td class=\"value\">1.0</td></tr><tr><td class=\"name\">Rails version</td><td class=\"value\">3.0.pre</td></tr><tr><td class=\"name\">Active Record version</td><td class=\"value\">3.0.pre</td></tr><tr><td class=\"name\">Action Pack version</td><td class=\"value\">3.0.pre</td></tr><tr><td class=\"name\">Active Resource version</td><td class=\"value\">3.0.pre</td></tr><tr><td class=\"name\">Action Mailer version</td><td class=\"value\">3.0.pre</td></tr><tr><td class=\"name\">Active Support version</td><td class=\"value\">3.0.pre</td></tr><tr><td class=\"name\">Middleware</td><td class=\"value\"><ul><li>Rack::Lock</li><li>ActionDispatch::ShowExceptions, [true]</li><li>ActionDispatch::Callbacks, [true]</li><li>ActionDispatch::Rescue, [#&lt;Method: Class(ActionController::Rescue::ClassMethods)#rescue_action&gt;]</li><li>ActionDispatch::Session::CookieStore, [{:key=&gt;&quot;_rails_session&quot;, :secret=&gt;&quot;c217f82b5b083f4d5433f1e054bf1b01cb22e3844a1c64a7b865cccf416f2dfc6db87eb9b3e2148f14aafdd5499ffa16464c13cca6d08d3469b4162d31efde59&quot;}]</li><li>ActionDispatch::ParamsParser</li><li>Rack::MethodOverride</li><li>Rack::Head</li><li>ActiveRecord::ConnectionAdapters::ConnectionManagement</li><li>ActiveRecord::QueryCache</li></ul></td></tr><tr><td class=\"name\">Edge Rails revision</td><td class=\"value\">c6bc8e662614be711f45a8d4b231d5f993b024a7</td></tr><tr><td class=\"name\">Application root</td><td class=\"value\">/home/jpartogi/workspace/lab/rails</td></tr><tr><td class=\"name\">Environment</td><td class=\"value\">development</td></tr><tr><td class=\"name\">Database adapter</td><td class=\"value\">mysql</td></tr><tr><td class=\"name\">Database schema version</td><td class=\"value\">0</td></tr></table>"


Processing Rails::InfoController#properties to [#<Mime::Type:0x8f30b94 @synonyms=["application/javascript", "application/x-javascript"], @symbol=:js, @string="text/javascript">, #<Mime::Type:0x8f31144 @synonyms=["application/xhtml+xml"], @symbol=:html, @string="text/html">, #<Mime::Type:0x8f301d8 @synonyms=["text/xml", "application/x-xml"], @symbol=:xml, @string="application/xml">, #<Mime::Type:0x8f30b94 @synonyms=["application/javascript", "application/x-javascript"], @symbol=:js, @string="text/javascript">, #<Mime::Type:0x8ad776c @synonyms=[], @symbol=nil, @string="*/*">] (for 127.0.0.1 at 2009-08-14 23:24:51) [GET]
  [4;35;1mSQL (0.1ms)[0m   [0mSET NAMES 'utf8'[0m
  [4;36;1mSQL (0.0ms)[0m   [0;1mSET SQL_AUTO_IS_NULL=0[0m
  [4;35;1mSQL (0.3ms)[0m   [0mSHOW TABLES[0m
Rendering inline "<table><tr><td class=\"name\">Ruby version</td><td class=\"value\">1.9.1 (i686-linux)</td></tr><tr><td class=\"name\">RubyGems version</td><td class=\"value\">1.3.5</td></tr><tr><td class=\"name\">Rack version</td><td class=\"value\">1.0</td></tr><tr><td class=\"name\">Rails version</td><td class=\"value\">3.0.pre</td></tr><tr><td class=\"name\">Active Record version</td><td class=\"value\">3.0.pre</td></tr><tr><td class=\"name\">Action Pack version</td><td class=\"value\">3.0.pre</td></tr><tr><td class=\"name\">Active Resource version</td><td class=\"value\">3.0.pre</td></tr><tr><td class=\"name\">Action Mailer version</td><td class=\"value\">3.0.pre</td></tr><tr><td class=\"name\">Active Support version</td><td class=\"value\">3.0.pre</td></tr><tr><td class=\"name\">Middleware</td><td class=\"value\"><ul><li>Rack::Lock</li><li>ActionDispatch::ShowExceptions, [true]</li><li>ActionDispatch::Callbacks, [true]</li><li>ActionDispatch::Rescue, [#&lt;Method: Class(ActionController::Rescue::ClassMethods)#rescue_action&gt;]</li><li>ActionDispatch::Session::CookieStore, [{:key=&gt;&quot;_rails_session&quot;, :secret=&gt;&quot;c217f82b5b083f4d5433f1e054bf1b01cb22e3844a1c64a7b865cccf416f2dfc6db87eb9b3e2148f14aafdd5499ffa16464c13cca6d08d3469b4162d31efde59&quot;}]</li><li>ActionDispatch::ParamsParser</li><li>Rack::MethodOverride</li><li>Rack::Head</li><li>ActiveRecord::ConnectionAdapters::ConnectionManagement</li><li>ActiveRecord::QueryCache</li></ul></td></tr><tr><td class=\"name\">Edge Rails revision</td><td class=\"value\">c6bc8e662614be711f45a8d4b231d5f993b024a7</td></tr><tr><td class=\"name\">Application root</td><td class=\"value\">/home/jpartogi/workspace/lab/rails</td></tr><tr><td class=\"name\">Environment</td><td class=\"value\">development</td></tr><tr><td class=\"name\">Database adapter</td><td class=\"value\">mysql</td></tr><tr><td class=\"name\">Database schema version</td><td class=\"value\">0</td></tr></table>"


Processing Rails::InfoController#properties to [#<Mime::Type:0x8f30b94 @synonyms=["application/javascript", "application/x-javascript"], @symbol=:js, @string="text/javascript">, #<Mime::Type:0x8f31144 @synonyms=["application/xhtml+xml"], @symbol=:html, @string="text/html">, #<Mime::Type:0x8f301d8 @synonyms=["text/xml", "application/x-xml"], @symbol=:xml, @string="application/xml">, #<Mime::Type:0x8f30b94 @synonyms=["application/javascript", "application/x-javascript"], @symbol=:js, @string="text/javascript">, #<Mime::Type:0x8ad776c @synonyms=[], @symbol=nil, @string="*/*">] (for 127.0.0.1 at 2009-08-15 00:00:12) [GET]

Mysql::Error (Can't connect to local MySQL server through socket '/var/lib/mysql/mysql.sock' (2)):
  /usr/local/lib/ruby/1.9.1/monitor.rb:190:in `mon_synchronize'
  <internal:prelude>:8:in `synchronize'
  /usr/local/lib/ruby/1.9.1/webrick/httpserver.rb:111:in `service'
  /usr/local/lib/ruby/1.9.1/webrick/httpserver.rb:70:in `run'
  /usr/local/lib/ruby/1.9.1/webrick/server.rb:183:in `block in start_thread'

  [4;36;1mSQL (12.6ms)[0m   [0;1mSET NAMES 'utf8'[0m
  [4;35;1mSQL (0.1ms)[0m   [0mSET SQL_AUTO_IS_NULL=0[0m
  [4;36;1mSQL (15.1ms)[0m   [0;1mSHOW TABLES[0m
Rendering inline "<table><tr><td class=\"name\">Ruby version</td><td class=\"value\">1.9.1 (i686-linux)</td></tr><tr><td class=\"name\">RubyGems version</td><td class=\"value\">1.3.5</td></tr><tr><td class=\"name\">Rack version</td><td class=\"value\">1.0</td></tr><tr><td class=\"name\">Rails version</td><td class=\"value\">3.0.pre</td></tr><tr><td class=\"name\">Active Record version</td><td class=\"value\">3.0.pre</td></tr><tr><td class=\"name\">Action Pack version</td><td class=\"value\">3.0.pre</td></tr><tr><td class=\"name\">Active Resource version</td><td class=\"value\">3.0.pre</td></tr><tr><td class=\"name\">Action Mailer version</td><td class=\"value\">3.0.pre</td></tr><tr><td class=\"name\">Active Support version</td><td class=\"value\">3.0.pre</td></tr><tr><td class=\"name\">Middleware</td><td class=\"value\"><ul><li>Rack::Lock</li><li>ActionDispatch::ShowExceptions, [true]</li><li>ActionDispatch::Callbacks, [true]</li><li>ActionDispatch::Rescue, [#&lt;Method: Class(ActionController::Rescue::ClassMethods)#rescue_action&gt;]</li><li>ActionDispatch::Session::CookieStore, [{:key=&gt;&quot;_rails_session&quot;, :secret=&gt;&quot;c217f82b5b083f4d5433f1e054bf1b01cb22e3844a1c64a7b865cccf416f2dfc6db87eb9b3e2148f14aafdd5499ffa16464c13cca6d08d3469b4162d31efde59&quot;}]</li><li>ActionDispatch::ParamsParser</li><li>Rack::MethodOverride</li><li>Rack::Head</li><li>ActiveRecord::ConnectionAdapters::ConnectionManagement</li><li>ActiveRecord::QueryCache</li></ul></td></tr><tr><td class=\"name\">Edge Rails revision</td><td class=\"value\">940a391c9b0aaefa8d1e836332bd46ed74e7a9f4</td></tr><tr><td class=\"name\">Application root</td><td class=\"value\">/home/jpartogi/workspace/project/projexion</td></tr><tr><td class=\"name\">Environment</td><td class=\"value\">development</td></tr><tr><td class=\"name\">Database adapter</td><td class=\"value\">mysql</td></tr><tr><td class=\"name\">Database schema version</td><td class=\"value\">0</td></tr></table>"


Processing Rails::InfoController#properties to [#<Mime::Type:0x9003d4c @synonyms=["application/javascript", "application/x-javascript"], @symbol=:js, @string="text/javascript">, #<Mime::Type:0x900483c @synonyms=["application/xhtml+xml"], @symbol=:html, @string="text/html">, #<Mime::Type:0x8ff8928 @synonyms=["text/xml", "application/x-xml"], @symbol=:xml, @string="application/xml">, #<Mime::Type:0x9003d4c @synonyms=["application/javascript", "application/x-javascript"], @symbol=:js, @string="text/javascript">, #<Mime::Type:0x8b2e284 @synonyms=[], @symbol=nil, @string="*/*">] (for 127.0.0.1 at 2009-08-15 08:58:04) [GET]

Mysql::Error (Can't connect to local MySQL server through socket '/var/lib/mysql/mysql.sock' (2)):
  /usr/local/lib/ruby/1.9.1/monitor.rb:190:in `mon_synchronize'
  <internal:prelude>:8:in `synchronize'
  /usr/local/lib/ruby/1.9.1/webrick/httpserver.rb:111:in `service'
  /usr/local/lib/ruby/1.9.1/webrick/httpserver.rb:70:in `run'
  /usr/local/lib/ruby/1.9.1/webrick/server.rb:183:in `block in start_thread'


Mysql::Error (Can't connect to local MySQL server through socket '/var/lib/mysql/mysql.sock' (2)):
  /usr/local/lib/ruby/1.9.1/monitor.rb:190:in `mon_synchronize'
  <internal:prelude>:8:in `synchronize'
  /usr/local/lib/ruby/1.9.1/webrick/httpserver.rb:111:in `service'
  /usr/local/lib/ruby/1.9.1/webrick/httpserver.rb:70:in `run'
  /usr/local/lib/ruby/1.9.1/webrick/server.rb:183:in `block in start_thread'

